{"/Users/otaviolemos/Dropbox/academic/web-dev/software-testing-exercises/identifier-functional-testing/src/identifier.ts": {"path":"/Users/otaviolemos/Dropbox/academic/web-dev/software-testing-exercises/identifier-functional-testing/src/identifier.ts","statementMap":{"0":{"start":{"line":1,"column":0},"end":{"line":1,"column":55}},"1":{"start":{"line":2,"column":0},"end":{"line":2,"column":28}},"2":{"start":{"line":3,"column":0},"end":{"line":3,"column":16}},"3":{"start":{"line":4,"column":0},"end":{"line":4,"column":3}},"4":{"start":{"line":5,"column":0},"end":{"line":5,"column":55}},"5":{"start":{"line":6,"column":0},"end":{"line":6,"column":16}},"6":{"start":{"line":7,"column":0},"end":{"line":7,"column":3}},"7":{"start":{"line":8,"column":0},"end":{"line":8,"column":50}},"8":{"start":{"line":9,"column":0},"end":{"line":9,"column":43}},"9":{"start":{"line":10,"column":0},"end":{"line":10,"column":16}},"10":{"start":{"line":11,"column":0},"end":{"line":11,"column":3}},"11":{"start":{"line":12,"column":0},"end":{"line":12,"column":13}},"12":{"start":{"line":13,"column":0},"end":{"line":13,"column":1}}},"s":{"0":8,"1":8,"2":1,"3":1,"4":8,"5":2,"6":2,"7":5,"8":8,"9":2,"10":2,"11":3,"12":3},"branchMap":{"0":{"type":"branch","line":13,"loc":{"start":{"line":13,"column":1},"end":{"line":13,"column":1}},"locations":[{"start":{"line":13,"column":1},"end":{"line":13,"column":1}}]},"1":{"type":"branch","line":1,"loc":{"start":{"line":1,"column":0},"end":{"line":13,"column":1}},"locations":[{"start":{"line":1,"column":0},"end":{"line":13,"column":1}}]},"2":{"type":"branch","line":2,"loc":{"start":{"line":2,"column":27},"end":{"line":4,"column":3}},"locations":[{"start":{"line":2,"column":27},"end":{"line":4,"column":3}}]},"3":{"type":"branch","line":4,"loc":{"start":{"line":4,"column":3},"end":{"line":5,"column":31}},"locations":[{"start":{"line":4,"column":3},"end":{"line":5,"column":31}}]},"4":{"type":"branch","line":5,"loc":{"start":{"line":5,"column":27},"end":{"line":5,"column":52}},"locations":[{"start":{"line":5,"column":27},"end":{"line":5,"column":52}}]},"5":{"type":"branch","line":5,"loc":{"start":{"line":5,"column":54},"end":{"line":7,"column":3}},"locations":[{"start":{"line":5,"column":54},"end":{"line":7,"column":3}}]},"6":{"type":"branch","line":7,"loc":{"start":{"line":7,"column":3},"end":{"line":8,"column":50}},"locations":[{"start":{"line":7,"column":3},"end":{"line":8,"column":50}}]},"7":{"type":"branch","line":8,"loc":{"start":{"line":8,"column":47},"end":{"line":9,"column":40}},"locations":[{"start":{"line":8,"column":47},"end":{"line":9,"column":40}}]},"8":{"type":"branch","line":9,"loc":{"start":{"line":9,"column":42},"end":{"line":11,"column":3}},"locations":[{"start":{"line":9,"column":42},"end":{"line":11,"column":3}}]},"9":{"type":"branch","line":11,"loc":{"start":{"line":11,"column":3},"end":{"line":13,"column":1}},"locations":[{"start":{"line":11,"column":3},"end":{"line":13,"column":1}}]}},"b":{"0":[1],"1":[8],"2":[1],"3":[7],"4":[6],"5":[2],"6":[5],"7":[4],"8":[2],"9":[3]},"fnMap":{"0":{"name":"isValid","decl":{"start":{"line":1,"column":0},"end":{"line":13,"column":1}},"loc":{"start":{"line":1,"column":0},"end":{"line":13,"column":1}},"line":1}},"f":{"0":8}}
}
